<?xml version="1.0" encoding="UTF-8"?>
<testng-results ignored="0" total="1" passed="1" failed="0" skipped="0">
  <reporter-output>
  </reporter-output>
  <suite started-at="2024-01-07T19:01:18 IST" name="HybridAutomationApp" finished-at="2024-01-07T19:01:31 IST" duration-ms="12986">
    <groups>
    </groups>
    <test started-at="2024-01-07T19:01:18 IST" name="HybridAutomationApplication" finished-at="2024-01-07T19:01:31 IST" duration-ms="12986">
      <class name="com.HybridAutomationApplication.testCases.TC_LoginTest_001">
        <test-method is-config="true" signature="setUp(java.lang.String)[pri:0, instance:com.HybridAutomationApplication.testCases.TC_LoginTest_001@52e677af]" started-at="2024-01-07T19:01:18 IST" name="setUp" finished-at="2024-01-07T19:01:24 IST" duration-ms="5249" status="PASS">
          <params>
            <param index="0">
              <value>
                <![CDATA[chrome]]>
              </value>
            </param>
          </params>
          <reporter-output>
          </reporter-output>
        </test-method> <!-- setUp -->
        <test-method signature="loginTest()[pri:0, instance:com.HybridAutomationApplication.testCases.TC_LoginTest_001@52e677af]" started-at="2024-01-07T19:01:24 IST" name="loginTest" finished-at="2024-01-07T19:01:30 IST" duration-ms="6787" status="PASS">
          <reporter-output>
          </reporter-output>
        </test-method> <!-- loginTest -->
        <test-method is-config="true" signature="tearDown()[pri:0, instance:com.HybridAutomationApplication.testCases.TC_LoginTest_001@52e677af]" started-at="2024-01-07T19:01:30 IST" name="tearDown" finished-at="2024-01-07T19:01:31 IST" duration-ms="372" status="PASS">
          <reporter-output>
          </reporter-output>
        </test-method> <!-- tearDown -->
      </class> <!-- com.HybridAutomationApplication.testCases.TC_LoginTest_001 -->
    </test> <!-- HybridAutomationApplication -->
  </suite> <!-- HybridAutomationApp -->
</testng-results>
