<?xml version="1.0" encoding="UTF-8"?>
<testng-results ignored="0" total="1" passed="1" failed="0" skipped="0">
  <reporter-output>
  </reporter-output>
  <suite started-at="2024-01-07T16:28:22 IST" name="HybridAutomationApp" finished-at="2024-01-07T16:28:34 IST" duration-ms="12339">
    <groups>
    </groups>
    <test started-at="2024-01-07T16:28:22 IST" name="HybridAutomationApplication" finished-at="2024-01-07T16:28:34 IST" duration-ms="12339">
      <class name="com.HybridAutomationApplication.testCases.TC_LoginTest_001">
        <test-method is-config="true" signature="setUp(java.lang.String)[pri:0, instance:com.HybridAutomationApplication.testCases.TC_LoginTest_001@7b36aa0c]" started-at="2024-01-07T16:28:22 IST" name="setUp" finished-at="2024-01-07T16:28:27 IST" duration-ms="4379" status="PASS">
          <params>
            <param index="0">
              <value>
                <![CDATA[chrome]]>
              </value>
            </param>
          </params>
          <reporter-output>
          </reporter-output>
        </test-method> <!-- setUp -->
        <test-method signature="loginTest()[pri:0, instance:com.HybridAutomationApplication.testCases.TC_LoginTest_001@7b36aa0c]" started-at="2024-01-07T16:28:27 IST" name="loginTest" finished-at="2024-01-07T16:28:34 IST" duration-ms="7077" status="PASS">
          <reporter-output>
          </reporter-output>
        </test-method> <!-- loginTest -->
        <test-method is-config="true" signature="tearDown()[pri:0, instance:com.HybridAutomationApplication.testCases.TC_LoginTest_001@7b36aa0c]" started-at="2024-01-07T16:28:34 IST" name="tearDown" finished-at="2024-01-07T16:28:34 IST" duration-ms="355" status="PASS">
          <reporter-output>
          </reporter-output>
        </test-method> <!-- tearDown -->
      </class> <!-- com.HybridAutomationApplication.testCases.TC_LoginTest_001 -->
    </test> <!-- HybridAutomationApplication -->
  </suite> <!-- HybridAutomationApp -->
</testng-results>
